This file contains any messages produced by compilers while
running configure, to aid debugging if configure makes a mistake.

It was created by hello configure 0.1.7, which was
generated by GNU Autoconf 2.71.  Invocation command line was

  $ ./configure --no-create --no-recursion

## --------- ##
## Platform. ##
## --------- ##

hostname = lenovo.jventura.us
uname -m = x86_64
uname -r = 6.1.19-gentoo-x86_64
uname -s = Linux
uname -v = #1 SMP PREEMPT_DYNAMIC Wed Mar 29 14:08:03 CDT 2023

/usr/bin/uname -p = 11th Gen Intel(R) Core(TM) i9-11950H @ 2.60GHz
/bin/uname -X     = unknown

/bin/arch              = unknown
/usr/bin/arch -k       = unknown
/usr/convex/getsysinfo = unknown
/usr/bin/hostinfo      = unknown
/bin/machine           = unknown
/usr/bin/oslevel       = unknown
/bin/universe          = unknown

PATH: /usr/lib64/qt5/bin/
PATH: /usr/local/sbin/
PATH: /usr/local/bin/
PATH: /usr/sbin/
PATH: /usr/bin/
PATH: /sbin/
PATH: /bin/
PATH: /opt/bin/
PATH: /usr/lib/llvm/15/bin/
PATH: /opt/cuda/bin/


## ----------- ##
## Core tests. ##
## ----------- ##

configure:2007: looking for aux files: missing install-sh
configure:2020:  trying ./
configure:2049:   ./missing found
configure:2031:   ./install-sh found
configure:2181: checking for a BSD-compatible install
configure:2254: result: /usr/bin/install -c
configure:2265: checking whether build environment is sane
configure:2320: result: yes
configure:2479: checking for a race-free mkdir -p
configure:2523: result: /bin/mkdir -p
configure:2530: checking for gawk
configure:2551: found /usr/bin/gawk
configure:2562: result: gawk
configure:2573: checking whether make sets $(MAKE)
configure:2596: result: yes
configure:2626: checking whether make supports nested variables
configure:2644: result: yes
configure:2851: checking for g++
configure:2872: found /usr/bin/g++
configure:2883: result: g++
configure:2910: checking for C++ compiler version
configure:2919: g++ --version >&5
g++ (Gentoo 12.2.1_p20230428-r1 p2) 12.2.1 20230428
Copyright (C) 2022 Free Software Foundation, Inc.
This is free software; see the source for copying conditions.  There is NO
warranty; not even for MERCHANTABILITY or FITNESS FOR A PARTICULAR PURPOSE.

configure:2930: $? = 0
configure:2919: g++ -v >&5
Using built-in specs.
COLLECT_GCC=g++
COLLECT_LTO_WRAPPER=/usr/libexec/gcc/x86_64-pc-linux-gnu/12/lto-wrapper
Target: x86_64-pc-linux-gnu
Configured with: /var/tmp/portage/sys-devel/gcc-12.2.1_p20230428-r1/work/gcc-12-20230428/configure --host=x86_64-pc-linux-gnu --build=x86_64-pc-linux-gnu --prefix=/usr --bindir=/usr/x86_64-pc-linux-gnu/gcc-bin/12 --includedir=/usr/lib/gcc/x86_64-pc-linux-gnu/12/include --datadir=/usr/share/gcc-data/x86_64-pc-linux-gnu/12 --mandir=/usr/share/gcc-data/x86_64-pc-linux-gnu/12/man --infodir=/usr/share/gcc-data/x86_64-pc-linux-gnu/12/info --with-gxx-include-dir=/usr/lib/gcc/x86_64-pc-linux-gnu/12/include/g++-v12 --with-python-dir=/share/gcc-data/x86_64-pc-linux-gnu/12/python --enable-languages=c,c++,fortran --enable-obsolete --enable-secureplt --disable-werror --with-system-zlib --enable-nls --without-included-gettext --disable-libunwind-exceptions --enable-checking=release --with-bugurl=https://bugs.gentoo.org/ --with-pkgversion='Gentoo 12.2.1_p20230428-r1 p2' --with-gcc-major-version-only --disable-esp --enable-libstdcxx-time --enable-lto --disable-libstdcxx-pch --enable-shared --enable-threads=posix --enable-__cxa_atexit --enable-clocale=gnu --enable-multilib --with-multilib-list=m32,m64 --disable-fixed-point --enable-targets=all --enable-libgomp --disable-libssp --disable-libada --disable-cet --disable-systemtap --disable-valgrind-annotations --disable-vtable-verify --disable-libvtv --without-zstd --without-isl --enable-default-pie --enable-default-ssp
Thread model: posix
Supported LTO compression algorithms: zlib
gcc version 12.2.1 20230428 (Gentoo 12.2.1_p20230428-r1 p2) 
configure:2930: $? = 0
configure:2919: g++ -V >&5
g++: error: unrecognized command-line option '-V'
g++: fatal error: no input files
compilation terminated.
configure:2930: $? = 1
configure:2919: g++ -qversion >&5
g++: error: unrecognized command-line option '-qversion'; did you mean '--version'?
g++: fatal error: no input files
compilation terminated.
configure:2930: $? = 1
configure:2950: checking whether the C++ compiler works
configure:2972: g++    conftest.cpp  >&5
configure:2976: $? = 0
configure:3026: result: yes
configure:3029: checking for C++ compiler default output file name
configure:3031: result: a.out
configure:3037: checking for suffix of executables
configure:3044: g++ -o conftest    conftest.cpp  >&5
configure:3048: $? = 0
configure:3071: result: 
configure:3093: checking whether we are cross compiling
configure:3101: g++ -o conftest    conftest.cpp  >&5
configure:3105: $? = 0
configure:3112: ./conftest
configure:3116: $? = 0
configure:3131: result: no
configure:3136: checking for suffix of object files
configure:3159: g++ -c   conftest.cpp >&5
configure:3163: $? = 0
configure:3185: result: o
configure:3189: checking whether the compiler supports GNU C++
configure:3209: g++ -c   conftest.cpp >&5
configure:3209: $? = 0
configure:3219: result: yes
configure:3230: checking whether g++ accepts -g
configure:3251: g++ -c -g  conftest.cpp >&5
configure:3251: $? = 0
configure:3295: result: yes
configure:3315: checking for g++ option to enable C++11 features
configure:3330: g++  -c -g -O2  conftest.cpp >&5
conftest.cpp: In function 'int main(int, char**)':
conftest.cpp:177:25: warning: empty parentheses were disambiguated as a function declaration [-Wvexing-parse]
  177 |   cxx11test::delegate d2();
      |                         ^~
conftest.cpp:177:25: note: remove parentheses to default-initialize a variable
  177 |   cxx11test::delegate d2();
      |                         ^~
      |                         --
conftest.cpp:177:25: note: or replace parentheses with braces to value-initialize a variable
configure:3330: $? = 0
configure:3348: result: none needed
configure:3415: checking whether make supports the include directive
configure:3430: make -f confmf.GNU && cat confinc.out
make[2]: Entering directory '/home/ventura/c/hello'
make[2]: Leaving directory '/home/ventura/c/hello'
this is the am__doit target
configure:3433: $? = 0
configure:3452: result: yes (GNU style)
configure:3478: checking dependency style of g++
configure:3590: result: gcc3
configure:3718: checking that generated files are newer than configure
configure:3724: result: done
configure:3747: creating ./config.status

## ---------------- ##
## Cache variables. ##
## ---------------- ##

ac_cv_cxx_compiler_gnu=yes
ac_cv_env_CCC_set=
ac_cv_env_CCC_value=
ac_cv_env_CPPFLAGS_set=
ac_cv_env_CPPFLAGS_value=
ac_cv_env_CXXFLAGS_set=
ac_cv_env_CXXFLAGS_value=
ac_cv_env_CXX_set=
ac_cv_env_CXX_value=
ac_cv_env_LDFLAGS_set=
ac_cv_env_LDFLAGS_value=
ac_cv_env_LIBS_set=
ac_cv_env_LIBS_value=
ac_cv_env_build_alias_set=
ac_cv_env_build_alias_value=
ac_cv_env_host_alias_set=
ac_cv_env_host_alias_value=
ac_cv_env_target_alias_set=
ac_cv_env_target_alias_value=
ac_cv_objext=o
ac_cv_path_install='/usr/bin/install -c'
ac_cv_path_mkdir=/bin/mkdir
ac_cv_prog_AWK=gawk
ac_cv_prog_ac_ct_CXX=g++
ac_cv_prog_cxx_11=no
ac_cv_prog_cxx_cxx11=
ac_cv_prog_cxx_g=yes
ac_cv_prog_cxx_stdcxx=
ac_cv_prog_make_make_set=yes
am_cv_CXX_dependencies_compiler_type=gcc3
am_cv_make_support_nested_variables=yes

## ----------------- ##
## Output variables. ##
## ----------------- ##

ACLOCAL='${SHELL} '\''/home/ventura/c/hello/missing'\'' aclocal-1.16'
AMDEPBACKSLASH='\'
AMDEP_FALSE='#'
AMDEP_TRUE=''
AMTAR='$${TAR-tar}'
AM_BACKSLASH='\'
AM_DEFAULT_V='$(AM_DEFAULT_VERBOSITY)'
AM_DEFAULT_VERBOSITY='1'
AM_V='$(V)'
AUTOCONF='${SHELL} '\''/home/ventura/c/hello/missing'\'' autoconf'
AUTOHEADER='${SHELL} '\''/home/ventura/c/hello/missing'\'' autoheader'
AUTOMAKE='${SHELL} '\''/home/ventura/c/hello/missing'\'' automake-1.16'
AWK='gawk'
CPPFLAGS=''
CSCOPE='cscope'
CTAGS='ctags'
CXX='g++'
CXXDEPMODE='depmode=gcc3'
CXXFLAGS='-g -O2'
CYGPATH_W='echo'
DEFS='-DHAVE_CONFIG_H'
DEPDIR='.deps'
ECHO_C=''
ECHO_N='-n'
ECHO_T=''
ETAGS='etags'
EXEEXT=''
INSTALL_DATA='${INSTALL} -m 644'
INSTALL_PROGRAM='${INSTALL}'
INSTALL_SCRIPT='${INSTALL}'
INSTALL_STRIP_PROGRAM='$(install_sh) -c -s'
LDFLAGS=''
LIBOBJS=''
LIBS=''
LTLIBOBJS=''
MAKEINFO='${SHELL} '\''/home/ventura/c/hello/missing'\'' makeinfo'
MKDIR_P='/bin/mkdir -p'
OBJEXT='o'
PACKAGE='hello'
PACKAGE_BUGREPORT='jv120257@gmail.com'
PACKAGE_NAME='hello'
PACKAGE_STRING='hello 0.1.7'
PACKAGE_TARNAME='hello'
PACKAGE_URL=''
PACKAGE_VERSION='0.1.7'
PATH_SEPARATOR=':'
SET_MAKE=''
SHELL='/bin/sh'
STRIP=''
VERSION='0.1.7'
ac_ct_CXX='g++'
am__EXEEXT_FALSE=''
am__EXEEXT_TRUE='#'
am__fastdepCXX_FALSE='#'
am__fastdepCXX_TRUE=''
am__include='include'
am__isrc=''
am__leading_dot='.'
am__nodep='_no'
am__quote=''
am__tar='$${TAR-tar} chof - "$$tardir"'
am__untar='$${TAR-tar} xf -'
bindir='${exec_prefix}/bin'
build_alias=''
datadir='${datarootdir}'
datarootdir='${prefix}/share'
docdir='${datarootdir}/doc/${PACKAGE_TARNAME}'
dvidir='${docdir}'
exec_prefix='${prefix}'
host_alias=''
htmldir='${docdir}'
includedir='${prefix}/include'
infodir='${datarootdir}/info'
install_sh='${SHELL} /home/ventura/c/hello/install-sh'
libdir='${exec_prefix}/lib'
libexecdir='${exec_prefix}/libexec'
localedir='${datarootdir}/locale'
localstatedir='${prefix}/var'
mandir='${datarootdir}/man'
mkdir_p='$(MKDIR_P)'
oldincludedir='/usr/include'
pdfdir='${docdir}'
prefix='/usr/local'
program_transform_name='s,x,x,'
psdir='${docdir}'
runstatedir='${localstatedir}/run'
sbindir='${exec_prefix}/sbin'
sharedstatedir='${prefix}/com'
sysconfdir='${prefix}/etc'
target_alias=''

## ----------- ##
## confdefs.h. ##
## ----------- ##

/* confdefs.h */
#define PACKAGE_NAME "hello"
#define PACKAGE_TARNAME "hello"
#define PACKAGE_VERSION "0.1.7"
#define PACKAGE_STRING "hello 0.1.7"
#define PACKAGE_BUGREPORT "jv120257@gmail.com"
#define PACKAGE_URL ""
#define PACKAGE "hello"
#define VERSION "0.1.7"

configure: exit 0

## ---------------------- ##
## Running config.status. ##
## ---------------------- ##

This file was extended by hello config.status 0.1.7, which was
generated by GNU Autoconf 2.71.  Invocation command line was

  CONFIG_FILES    = 
  CONFIG_HEADERS  = 
  CONFIG_LINKS    = 
  CONFIG_COMMANDS = 
  $ ./config.status 

on lenovo.jventura.us

config.status:836: creating Makefile
config.status:836: creating config.h
config.status:1017: config.h is unchanged
config.status:1065: executing depfiles commands
config.status:1142: cd .       && sed -e '/# am--include-marker/d' Makefile         | make -f - am--depfiles
make[2]: Entering directory '/home/ventura/c/hello'
make[2]: Leaving directory '/home/ventura/c/hello'
config.status:1147: $? = 0
